Mono path[0] = 'C:/SteamLibrary/steamapps/common/The RPG Engine/The_RPG_Engine_Data/Managed'
Mono config path = 'C:/SteamLibrary/steamapps/common/The RPG Engine/MonoBleedingEdge/etc'
[Physics::Module] Initialized MultithreadedJobDispatcher with {0} workers.
Initialize engine version: 2021.3.30f1 (b4360d7cdac4)
[Subsystems] Discovering subsystems at path C:/SteamLibrary/steamapps/common/The RPG Engine/The_RPG_Engine_Data/UnitySubsystems
GfxDevice: creating device client; threaded=1; jobified=1
Direct3D:
    Version:  Direct3D 11.0 [level 11.1]
    Renderer: NVIDIA GeForce RTX 2070 SUPER (ID=0x1e84)
    Vendor:   NVIDIA
    VRAM:     7989 MB
    Driver:   32.0.15.6070
Begin MonoManager ReloadAssembly
- Completed reload, in  0.208 seconds
<RI> Initializing input.
<RI> Input initialized.
<RI> Initialized touch support.
UnloadTime: 0.535500 ms
UnloadTime: 3.084500 ms
Unloading 6 Unused Serialized files (Serialized files now loaded: 0)
Logger initialised - Can be toggled with (F1)
Unloading 89 unused Assets to reduce memory usage. Loaded Objects now: 13078.
Total: 22.067300 ms (FindLiveObjects: 0.756000 ms CreateObjectMapping: 0.276600 ms MarkObjects: 20.914500 ms  DeleteObjects: 0.119500 ms)

Exception: GET T - {"errors":[{"challenge_metadata":null,"code":1,"code_name":"Unauthorized","detail":"The server could not verify that you are authorized to access the URL requested. You either supplied the wrong credentials (e.g. a bad password), or your browser doesn't understand how to supply the credentials required.","id":"94a647d9-bb0a-5929-ac31-5949bd6951d0","status":"401","title":"Unauthorized"}]}
  at RpgEngine.HttpClientExtensions.GetAsync[T] (System.Net.Http.HttpClient httpClient, System.String url, System.Net.Http.Headers.AuthenticationHeaderValue authenticationHeader, System.Threading.CancellationToken cancellationToken) [0x0014e] in <46df2c74f8cf4cbd9448e86f01ec7fd1>:0 
  at RpgEngine.Patreon.PatreonAuth.GetIdentityAsync (System.Threading.CancellationToken cancellationToken) [0x000eb] in <46df2c74f8cf4cbd9448e86f01ec7fd1>:0 
  at RpgEngine.Patreon.PatreonClient.CheckIsPatreonSupporterAsync () [0x00124] in <46df2c74f8cf4cbd9448e86f01ec7fd1>:0 
UnityEngine.DebugLogHandler:Internal_LogException(Exception, Object)
UnityEngine.DebugLogHandler:LogException(Exception, Object)
UnityEngine.Logger:LogException(Exception, Object)
UnityEngine.Debug:LogException(Exception)
RpgEngine.Patreon.<CheckIsPatreonSupporterAsync>d__25:MoveNext()
System.Runtime.CompilerServices.MoveNextRunner:InvokeMoveNext(Object)
System.Threading.ExecutionContext:RunInternal(ExecutionContext, ContextCallback, Object, Boolean)
System.Threading.ExecutionContext:Run(ExecutionContext, ContextCallback, Object, Boolean)
System.Runtime.CompilerServices.MoveNextRunner:Run()
System.Threading.Tasks.AwaitTaskContinuation:InvokeAction(Object)
System.Threading.Tasks.AwaitTaskContinuation:RunCallback(ContextCallback, Object, Task&)
System.Threading.Tasks.SynchronizationContextAwaitTaskContinuation:Run(Task, Boolean)
System.Threading.Tasks.Task:FinishContinuations()
System.Threading.Tasks.Task:FinishStageThree()
System.Threading.Tasks.Task:FinishStageTwo()
System.Threading.Tasks.Task:Finish(Boolean)
System.Threading.Tasks.Task:TrySetException(Object)
System.Runtime.CompilerServices.AsyncTaskMethodBuilder`1:SetException(Exception)
RpgEngine.Patreon.<GetIdentityAsync>d__21:MoveNext()
System.Runtime.CompilerServices.MoveNextRunner:InvokeMoveNext(Object)
System.Threading.ExecutionContext:RunInternal(ExecutionContext, ContextCallback, Object, Boolean)
System.Threading.ExecutionContext:Run(ExecutionContext, ContextCallback, Object, Boolean)
System.Runtime.CompilerServices.MoveNextRunner:Run()
System.Threading.Tasks.AwaitTaskContinuation:InvokeAction(Object)
System.Threading.Tasks.AwaitTaskContinuation:RunCallback(ContextCallback, Object, Task&)
System.Threading.Tasks.SynchronizationContextAwaitTaskContinuation:Run(Task, Boolean)
System.Threading.Tasks.Task:FinishContinuations()
System.Threading.Tasks.Task:FinishStageThree()
System.Threading.Tasks.Task:FinishStageTwo()
System.Threading.Tasks.Task:Finish(Boolean)
System.Threading.Tasks.Task:TrySetException(Object)
System.Runtime.CompilerServices.AsyncTaskMethodBuilder`1:SetException(Exception)
RpgEngine.<GetAsync>d__0`1:MoveNext()
System.Runtime.CompilerServices.MoveNextRunner:InvokeMoveNext(Object)
System.Threading.ExecutionContext:RunInternal(ExecutionContext, ContextCallback, Object, Boolean)
System.Threading.ExecutionContext:Run(ExecutionContext, ContextCallback, Object, Boolean)
System.Runtime.CompilerServices.MoveNextRunner:Run()
System.Threading.Tasks.<>c:<.cctor>b__7_0(Object)
UnityEngine.WorkRequest:Invoke()
UnityEngine.UnitySynchronizationContext:Exec()
UnityEngine.UnitySynchronizationContext:ExecuteTasks()

Starting API
Host: http://localhost:8001/TheRpgEngine/swagger/index.html
Book Loaded: 0.448s
Unloading 6 Unused Serialized files (Serialized files now loaded: 0)
UnloadTime: 5.032600 ms
Unloading 663 unused Assets to reduce memory usage. Loaded Objects now: 57341.
Total: 30.998400 ms (FindLiveObjects: 4.681200 ms CreateObjectMapping: 2.469500 ms MarkObjects: 22.929200 ms  DeleteObjects: 0.917900 ms)

Book Loaded: 3.619s
BoxColliders does not support negative scale or size.
The effective box size has been forced positive and is likely to give unexpected collision geometry.
If you absolutely need to use negative scaling you can use the convex MeshCollider. Scene hierarchy path "DontDestroy Terrain/PropManager/Blank Invisible Locator/Blank Invisible Locator/Stone_Cube"
BoxColliders does not support negative scale or size.
The effective box size has been forced positive and is likely to give unexpected collision geometry.
If you absolutely need to use negative scaling you can use the convex MeshCollider. Scene hierarchy path "DontDestroy Terrain/PropManager/Blank Invisible Locator/Blank Invisible Locator/Stone_Cube"
BoxColliders does not support negative scale or size.
The effective box size has been forced positive and is likely to give unexpected collision geometry.
If you absolutely need to use negative scaling you can use the convex MeshCollider. Scene hierarchy path "DontDestroy Terrain/PropManager/Blank Invisible Locator/Blank Invisible Locator/Stone_Cube"
BoxColliders does not support negative scale or size.
The effective box size has been forced positive and is likely to give unexpected collision geometry.
If you absolutely need to use negative scaling you can use the convex MeshCollider. Scene hierarchy path "DontDestroy Terrain/PropManager/Blank Invisible Locator/Blank Invisible Locator/Stone_Cube"
BoxColliders does not support negative scale or size.
The effective box size has been forced positive and is likely to give unexpected collision geometry.
If you absolutely need to use negative scaling you can use the convex MeshCollider. Scene hierarchy path "DontDestroy Terrain/PropManager/Blank Invisible Locator/Blank Invisible Locator/Stone_Cube"
Book Loaded: 5.294s
⁂cant_delete_player_item⁂
"" mesh must have at least three distinct vertices to be a valid collision mesh.
"" mesh must have at least three distinct vertices to be a valid collision mesh.
[Physics.PhysX] QuickHullConvexHullLib::findSimplex: Simplex input points appers to be colinear.
Failed to create Convex Mesh from source mesh "SM_Prop_Quiver_01". An internal unspecified error has occured that could mean the Quickhull algorithm found the input mesh topologically challenging. 
Book Loaded: 2.426s
BoxColliders does not support negative scale or size.
The effective box size has been forced positive and is likely to give unexpected collision geometry.
If you absolutely need to use negative scaling you can use the convex MeshCollider. Scene hierarchy path "DontDestroy Terrain/PropManager/Horse Poly Art/CG/Pelvis/Spine/Spine1/Spine2/Back Holder/Blank Invisible Locator/Custom Animation/CustomCharacter/Root/Hips/Spine_01/Spine_02"
BoxColliders does not support negative scale or size.
The effective box size has been forced positive and is likely to give unexpected collision geometry.
If you absolutely need to use negative scaling you can use the convex MeshCollider. Scene hierarchy path "DontDestroy Terrain/PropManager/Horse Poly Art/CG/Pelvis/Spine/Spine1/Spine2/Back Holder/Blank Invisible Locator/Custom Animation/CustomCharacter/Root/Hips"
BoxColliders does not support negative scale or size.
The effective box size has been forced positive and is likely to give unexpected collision geometry.
If you absolutely need to use negative scaling you can use the convex MeshCollider. Scene hierarchy path "DontDestroy Terrain/PropManager/Horse Poly Art/CG/Pelvis/Spine/Spine1/Spine2/Back Holder/Blank Invisible Locator/Custom Animation/CustomCharacter"
[Physics.PhysX] QuickHullConvexHullLib::findSimplex: Simplex input points appers to be colinear.
Failed to create Convex Mesh from source mesh "SM_Prop_Quiver_01". An internal unspecified error has occured that could mean the Quickhull algorithm found the input mesh topologically challenging. 
[Physics.PhysX] QuickHullConvexHullLib::findSimplex: Simplex input points appers to be colinear.
Failed to create Convex Mesh from source mesh "SM_Prop_Quiver_01". An internal unspecified error has occured that could mean the Quickhull algorithm found the input mesh topologically challenging. 
[Physics.PhysX] QuickHullConvexHullLib::findSimplex: Simplex input points appers to be colinear.
Failed to create Convex Mesh from source mesh "SM_Prop_Quiver_01". An internal unspecified error has occured that could mean the Quickhull algorithm found the input mesh topologically challenging. 
[Physics.PhysX] QuickHullConvexHullLib::findSimplex: Simplex input points appers to be colinear.
Failed to create Convex Mesh from source mesh "SM_Prop_Quiver_01". An internal unspecified error has occured that could mean the Quickhull algorithm found the input mesh topologically challenging. 
[Physics.PhysX] QuickHullConvexHullLib::findSimplex: Simplex input points appers to be colinear.
Failed to create Convex Mesh from source mesh "SM_Prop_Quiver_01". An internal unspecified error has occured that could mean the Quickhull algorithm found the input mesh topologically challenging. 
[Physics.PhysX] QuickHullConvexHullLib::findSimplex: Simplex input points appers to be colinear.
Failed to create Convex Mesh from source mesh "SM_Prop_Quiver_01". An internal unspecified error has occured that could mean the Quickhull algorithm found the input mesh topologically challenging. 
[Physics.PhysX] QuickHullConvexHullLib::findSimplex: Simplex input points appers to be colinear.
Failed to create Convex Mesh from source mesh "SM_Prop_Quiver_01". An internal unspecified error has occured that could mean the Quickhull algorithm found the input mesh topologically challenging. 
[Physics.PhysX] QuickHullConvexHullLib::findSimplex: Simplex input points appers to be colinear.
Failed to create Convex Mesh from source mesh "SM_Prop_Quiver_01". An internal unspecified error has occured that could mean the Quickhull algorithm found the input mesh topologically challenging. 
[Physics.PhysX] QuickHullConvexHullLib::findSimplex: Simplex input points appers to be colinear.
Failed to create Convex Mesh from source mesh "SM_Prop_Quiver_01". An internal unspecified error has occured that could mean the Quickhull algorithm found the input mesh topologically challenging. 
[Physics.PhysX] QuickHullConvexHullLib::findSimplex: Simplex input points appers to be colinear.
Failed to create Convex Mesh from source mesh "SM_Prop_Quiver_01". An internal unspecified error has occured that could mean the Quickhull algorithm found the input mesh topologically challenging. 
[Physics.PhysX] QuickHullConvexHullLib::findSimplex: Simplex input points appers to be colinear.
Failed to create Convex Mesh from source mesh "SM_Prop_Quiver_01". An internal unspecified error has occured that could mean the Quickhull algorithm found the input mesh topologically challenging. 
Crash!!!
SymInit: Symbol-SearchPath: '.;C:\SteamLibrary\steamapps\common\The RPG Engine;C:/SteamLibrary/steamapps/common/The RPG Engine/The_RPG_Engine_Data/Plugins\x86_64;C:/SteamLibrary/steamapps/common/The RPG Engine/The_RPG_Engine_Data/Plugins;C:\SteamLibrary\steamapps\common\The RPG Engine;C:\WINDOWS;C:\WINDOWS\system32;', symOptions: 534, UserName: 'jacki'
OS-Version: 10.0.0
C:\SteamLibrary\steamapps\common\The RPG Engine\The_RPG_Engine.exe:The_RPG_Engine.exe (00007FF729F90000), size: 675840 (result: 0), SymType: '-deferred-', PDB: '', fileVersion: 2021.3.30.13837
C:\WINDOWS\SYSTEM32\ntdll.dll:ntdll.dll (00007FF9FB3B0000), size: 2191360 (result: 0), SymType: '-deferred-', PDB: '', fileVersion: 10.0.22621.3733
C:\WINDOWS\System32\KERNEL32.DLL:KERNEL32.DLL (00007FF9FA3E0000), size: 802816 (result: 0), SymType: '-deferred-', PDB: '', fileVersion: 10.0.22621.3672
C:\WINDOWS\System32\KERNELBASE.dll:KERNELBASE.dll (00007FF9F86E0000), size: 3854336 (result: 0), SymType: '-deferred-', PDB: '', fileVersion: 10.0.22621.3880
C:\SteamLibrary\steamapps\common\The RPG Engine\UnityPlayer.dll:UnityPlayer.dll (00007FF8CA670000), size: 30351360 (result: 0), SymType: '-deferred-', PDB: '', fileVersion: 2021.3.30.13837
C:\WINDOWS\System32\USER32.dll:USER32.dll (00007FF9F9F60000), size: 1761280 (result: 0), SymType: '-deferred-', PDB: '', fileVersion: 10.0.22621.3810
C:\WINDOWS\System32\win32u.dll:win32u.dll (00007FF9F8E70000), size: 155648 (result: 0), SymType: '-deferred-', PDB: '', fileVersion: 10.0.22621.3880
C:\WINDOWS\System32\GDI32.dll:GDI32.dll (00007FF9FA290000), size: 167936 (result: 0), SymType: '-deferred-', PDB: '', fileVersion: 10.0.22621.3672
C:\WINDOWS\System32\gdi32full.dll:gdi32full.dll (00007FF9F8CA0000), size: 1150976 (result: 0), SymType: '-deferred-', PDB: '', fileVersion: 10.0.22621.3672
C:\WINDOWS\System32\msvcp_win.dll:msvcp_win.dll (00007FF9F8C00000), size: 630784 (result: 0), SymType: '-deferred-', PDB: '', fileVersion: 10.0.22621.3374
C:\WINDOWS\System32\ucrtbase.dll:ucrtbase.dll (00007FF9F8EA0000), size: 1118208 (result: 0), SymType: '-deferred-', PDB: '', fileVersion: 10.0.22621.3593
C:\WINDOWS\System32\ole32.dll:ole32.dll (00007FF9FABF0000), size: 1724416 (result: 0), SymType: '-deferred-', PDB: '', fileVersion: 10.0.22621.3810
C:\WINDOWS\System32\combase.dll:combase.dll (00007FF9F90F0000), size: 3702784 (result: 0), SymType: '-deferred-', PDB: '', fileVersion: 10.0.22621.3672
C:\WINDOWS\System32\RPCRT4.dll:RPCRT4.dll (00007FF9FAA70000), size: 1130496 (result: 0), SymType: '-deferred-', PDB: '', fileVersion: 10.0.22621.3810
C:\WINDOWS\SYSTEM32\VERSION.dll:VERSION.dll (00007FF9F4080000), size: 40960 (result: 0), SymType: '-deferred-', PDB: '', fileVersion: 10.0.22621.1
C:\WINDOWS\System32\SHLWAPI.dll:SHLWAPI.dll (00007FF9FB290000), size: 385024 (result: 0), SymType: '-deferred-', PDB: '', fileVersion: 10.0.22621.3672
C:\WINDOWS\System32\msvcrt.dll:msvcrt.dll (00007FF9F9DA0000), size: 684032 (result: 0), SymType: '-deferred-', PDB: '', fileVersion: 7.0.22621.2506
C:\WINDOWS\System32\SETUPAPI.dll:SETUPAPI.dll (00007FF9FA4B0000), size: 4669440 (result: 0), SymType: '-deferred-', PDB: '', fileVersion: 10.0.22621.2506
C:\WINDOWS\System32\ADVAPI32.dll:ADVAPI32.dll (00007FF9FB1D0000), size: 729088 (result: 0), SymType: '-deferred-', PDB: '', fileVersion: 10.0.22621.3810
C:\WINDOWS\System32\sechost.dll:sechost.dll (00007FF9F9480000), size: 692224 (result: 0), SymType: '-deferred-', PDB: '', fileVersion: 10.0.22621.3810
C:\WINDOWS\System32\bcrypt.dll:bcrypt.dll (00007FF9F8DC0000), size: 163840 (result: 0), SymType: '-deferred-', PDB: '', fileVersion: 10.0.22621.2506
C:\WINDOWS\System32\SHELL32.dll:SHELL32.dll (00007FF9F9540000), size: 8777728 (result: 0), SymType: '-deferred-', PDB: '', fileVersion: 10.0.22621.3880
C:\WINDOWS\System32\OLEAUT32.dll:OLEAUT32.dll (00007FF9FA2C0000), size: 880640 (result: 0), SymType: '-deferred-', PDB: '', fileVersion: 10.0.22621.3672
C:\WINDOWS\System32\IMM32.dll:IMM32.dll (00007FF9FA3A0000), size: 200704 (result: 0), SymType: '-deferred-', PDB: '', fileVersion: 10.0.22621.3374
C:\WINDOWS\SYSTEM32\WINMM.dll:WINMM.dll (00007FF9F39C0000), size: 212992 (result: 0), SymType: '-deferred-', PDB: '', fileVersion: 10.0.22621.3672
C:\WINDOWS\SYSTEM32\OPENGL32.dll:OPENGL32.dll (00007FF96F320000), size: 1048576 (result: 0), SymType: '-deferred-', PDB: '', fileVersion: 10.0.22621.3672
C:\WINDOWS\System32\CRYPT32.dll:CRYPT32.dll (00007FF9F8A90000), size: 1470464 (result: 0), SymType: '-deferred-', PDB: '', fileVersion: 10.0.22621.3810
C:\WINDOWS\System32\WS2_32.dll:WS2_32.dll (00007FF9FB2F0000), size: 462848 (result: 0), SymType: '-deferred-', PDB: '', fileVersion: 10.0.22621.1
C:\WINDOWS\SYSTEM32\WINHTTP.dll:WINHTTP.dll (00007FF9F3D70000), size: 1269760 (result: 0), SymType: '-deferred-', PDB: '', fileVersion: 10.0.22621.3880
C:\WINDOWS\SYSTEM32\GLU32.dll:GLU32.dll (00007FF970190000), size: 184320 (result: 0), SymType: '-deferred-', PDB: '', fileVersion: 10.0.22621.2506
C:\WINDOWS\SYSTEM32\HID.DLL:HID.DLL (00007FF9F6F40000), size: 57344 (result: 0), SymType: '-deferred-', PDB: '', fileVersion: 10.0.22621.1
C:\WINDOWS\SYSTEM32\dwmapi.dll:dwmapi.dll (00007FF9F5E30000), size: 176128 (result: 0), SymType: '-deferred-', PDB: '', fileVersion: 10.0.22621.3672
C:\WINDOWS\SYSTEM32\dxcore.dll:dxcore.dll (00007FF9F5E60000), size: 233472 (result: 0), SymType: '-deferred-', PDB: '', fileVersion: 10.0.22621.3672
C:\Program Files (x86)\Steam\gameoverlayrenderer64.dll:gameoverlayrenderer64.dll (00007FF96C620000), size: 1646592 (result: 0), SymType: '-deferred-', PDB: '', fileVersion: 9.4.36.28
C:\WINDOWS\System32\PSAPI.DLL:PSAPI.DLL (00007FF9FAF00000), size: 32768 (result: 0), SymType: '-deferred-', PDB: '', fileVersion: 10.0.22621.1
C:\WINDOWS\SYSTEM32\CFGMGR32.dll:CFGMGR32.dll (00007FF9F83C0000), size: 319488 (result: 0), SymType: '-deferred-', PDB: '', fileVersion: 10.0.22621.2506
C:\WINDOWS\SYSTEM32\kernel.appcore.dll:kernel.appcore.dll (00007FF9F7800000), size: 98304 (result: 0), SymType: '-deferred-', PDB: '', fileVersion: 10.0.22621.2715
C:\WINDOWS\System32\bcryptPrimitives.dll:bcryptPrimitives.dll (00007FF9F8DF0000), size: 503808 (result: 0), SymType: '-deferred-', PDB: '', fileVersion: 10.0.22621.3672
C:\WINDOWS\system32\uxtheme.dll:uxtheme.dll (00007FF9F5B70000), size: 716800 (result: 0), SymType: '-deferred-', PDB: '', fileVersion: 10.0.22621.3810
C:\WINDOWS\System32\shcore.dll:shcore.dll (00007FF9FA930000), size: 999424 (result: 0), SymType: '-deferred-', PDB: '', fileVersion: 10.0.22621.3810
C:\WINDOWS\SYSTEM32\windows.storage.dll:windows.storage.dll (00007FF9F6640000), size: 9420800 (result: 0), SymType: '-deferred-', PDB: '', fileVersion: 10.0.22621.3880
C:\WINDOWS\SYSTEM32\wintypes.dll:wintypes.dll (00007FF9F6500000), size: 1306624 (result: 0), SymType: '-deferred-', PDB: '', fileVersion: 10.0.22621.3810
C:\WINDOWS\SYSTEM32\profapi.dll:profapi.dll (00007FF9F8610000), size: 135168 (result: 0), SymType: '-deferred-', PDB: '', fileVersion: 10.0.22621.3527
C:\SteamLibrary\steamapps\common\The RPG Engine\MonoBleedingEdge\EmbedRuntime\mono-2.0-bdwgc.dll:mono-2.0-bdwgc.dll (00007FF8CCA00000), size: 10686464 (result: 0), SymType: '-deferred-', PDB: ''
C:\WINDOWS\SYSTEM32\iphlpapi.dll:iphlpapi.dll (00007FF9F7210000), size: 184320 (result: 0), SymType: '-deferred-', PDB: '', fileVersion: 10.0.22621.1
C:\WINDOWS\System32\MSCTF.dll:MSCTF.dll (00007FF9FADA0000), size: 1388544 (result: 0), SymType: '-deferred-', PDB: '', fileVersion: 10.0.22621.3810
C:\WINDOWS\SYSTEM32\d3d11.dll:d3d11.dll (00007FF9F2130000), size: 2453504 (result: 0), SymType: '-deferred-', PDB: '', fileVersion: 10.0.22621.3672
C:\WINDOWS\SYSTEM32\dxgi.dll:dxgi.dll (00007FF9F5CD0000), size: 1011712 (result: 0), SymType: '-deferred-', PDB: '', fileVersion: 10.0.22621.3672
C:\WINDOWS\SYSTEM32\directxdatabasehelper.dll:directxdatabasehelper.dll (00007FF9F0340000), size: 299008 (result: 0), SymType: '-deferred-', PDB: '', fileVersion: 10.0.22621.3672
C:\WINDOWS\System32\DriverStore\FileRepository\nvmdi.inf_amd64_7b5ca18eebabd2c0\nvldumdx.dll:nvldumdx.dll (00007FF96C460000), size: 790528 (result: 0), SymType: '-deferred-', PDB: '', fileVersion: 32.0.15.6070
C:\WINDOWS\SYSTEM32\msasn1.dll:msasn1.dll (00007FF9F8370000), size: 73728 (result: 0), SymType: '-deferred-', PDB: '', fileVersion: 10.0.22621.2506
C:\WINDOWS\SYSTEM32\cryptnet.dll:cryptnet.dll (00007FF9F0FF0000), size: 204800 (result: 0), SymType: '-deferred-', PDB: '', fileVersion: 10.0.22621.1
C:\WINDOWS\SYSTEM32\cryptbase.dll:cryptbase.dll (00007FF9F7ED0000), size: 49152 (result: 0), SymType: '-deferred-', PDB: '', fileVersion: 10.0.22621.1
C:\WINDOWS\SYSTEM32\wldp.dll:wldp.dll (00007FF9F7F80000), size: 299008 (result: 0), SymType: '-deferred-', PDB: '', fileVersion: 10.0.22621.3810
C:\WINDOWS\SYSTEM32\drvstore.dll:drvstore.dll (00007FF9F0E00000), size: 1409024 (result: 0), SymType: '-deferred-', PDB: '', fileVersion: 10.0.22621.3672
C:\WINDOWS\SYSTEM32\devobj.dll:devobj.dll (00007FF9F8390000), size: 180224 (result: 0), SymType: '-deferred-', PDB: '', fileVersion: 10.0.22621.2506
C:\WINDOWS\System32\wintrust.dll:wintrust.dll (00007FF9F9080000), size: 438272 (result: 0), SymType: '-deferred-', PDB: '', fileVersion: 10.0.22621.3810
C:\WINDOWS\System32\imagehlp.dll:imagehlp.dll (00007FF9FAA30000), size: 126976 (result: 0), SymType: '-deferred-', PDB: '', fileVersion: 10.0.22621.1
C:\WINDOWS\SYSTEM32\CRYPTSP.dll:CRYPTSP.dll (00007FF9F7EE0000), size: 110592 (result: 0), SymType: '-deferred-', PDB: '', fileVersion: 10.0.22621.3672
C:\WINDOWS\system32\rsaenh.dll:rsaenh.dll (00007FF9F7760000), size: 217088 (result: 0), SymType: '-deferred-', PDB: '', fileVersion: 10.0.22621.1
C:\WINDOWS\System32\DriverStore\FileRepository\nvmdi.inf_amd64_7b5ca18eebabd2c0\nvgpucomp64.dll:nvgpucomp64.dll (00007FF8D6AD0000), size: 33480704 (result: 0), SymType: '-deferred-', PDB: '', fileVersion: 32.0.15.6070
C:\WINDOWS\System32\DriverStore\FileRepository\nvmdi.inf_amd64_7b5ca18eebabd2c0\nvwgf2umx.dll:nvwgf2umx.dll (00007FF8D29B0000), size: 68272128 (result: 0), SymType: '-deferred-', PDB: '', fileVersion: 32.0.15.6070
C:\WINDOWS\SYSTEM32\powrprof.dll:powrprof.dll (00007FF9F7570000), size: 315392 (result: 0), SymType: '-deferred-', PDB: '', fileVersion: 10.0.22621.3374
C:\WINDOWS\SYSTEM32\UMPDC.dll:UMPDC.dll (00007FF9F7550000), size: 77824 (result: 0), SymType: '-deferred-', PDB: '', fileVersion: 10.0.22621.1
C:\WINDOWS\system32\nvspcap64.dll:nvspcap64.dll (00007FF99EE50000), size: 2949120 (result: 0), SymType: '-deferred-', PDB: '', fileVersion: 3.28.0.417
C:\WINDOWS\SYSTEM32\ntmarta.dll:ntmarta.dll (00007FF9F7820000), size: 212992 (result: 0), SymType: '-deferred-', PDB: '', fileVersion: 10.0.22621.1
C:\WINDOWS\System32\DriverStore\FileRepository\nvmdi.inf_amd64_7b5ca18eebabd2c0\nvppex.dll:nvppex.dll (00007FF969320000), size: 1396736 (result: 0), SymType: '-deferred-', PDB: '', fileVersion: 32.0.15.6070
C:\WINDOWS\System32\clbcatq.dll:clbcatq.dll (00007FF9FAF10000), size: 720896 (result: 0), SymType: '-deferred-', PDB: '', fileVersion: 2001.12.10941.16384
C:\WINDOWS\system32\wbem\wbemprox.dll:wbemprox.dll (00007FF9F0600000), size: 65536 (result: 0), SymType: '-deferred-', PDB: '', fileVersion: 10.0.22621.3672
C:\WINDOWS\SYSTEM32\wbemcomn.dll:wbemcomn.dll (00007FF9F0580000), size: 524288 (result: 0), SymType: '-deferred-', PDB: '', fileVersion: 10.0.22621.2506
C:\WINDOWS\system32\wbem\wbemsvc.dll:wbemsvc.dll (00007FF9E92D0000), size: 81920 (result: 0), SymType: '-deferred-', PDB: '', fileVersion: 10.0.22621.3672
C:\WINDOWS\system32\wbem\fastprox.dll:fastprox.dll (00007FF9E9440000), size: 1015808 (result: 0), SymType: '-deferred-', PDB: '', fileVersion: 10.0.22621.3672
C:\WINDOWS\SYSTEM32\amsi.dll:amsi.dll (00007FF9E5190000), size: 118784 (result: 0), SymType: '-deferred-', PDB: '', fileVersion: 10.0.22621.3527
C:\WINDOWS\SYSTEM32\USERENV.dll:USERENV.dll (00007FF9F7D70000), size: 163840 (result: 0), SymType: '-deferred-', PDB: '', fileVersion: 10.0.22621.3527
C:\ProgramData\Microsoft\Windows Defender\Platform\4.18.24070.5-0\MpOav.dll:MpOav.dll (00007FF9E6870000), size: 528384 (result: 0), SymType: '-deferred-', PDB: '', fileVersion: 4.18.24070.5
C:\WINDOWS\System32\MMDevApi.dll:MMDevApi.dll (00007FF9F02A0000), size: 643072 (result: 0), SymType: '-deferred-', PDB: '', fileVersion: 10.0.22621.3672
C:\WINDOWS\SYSTEM32\AUDIOSES.DLL:AUDIOSES.DLL (00007FF9E8360000), size: 2015232 (result: 0), SymType: '-deferred-', PDB: '', fileVersion: 10.0.22621.3810
C:\WINDOWS\SYSTEM32\resourcepolicyclient.dll:resourcepolicyclient.dll (00007FF9F6110000), size: 86016 (result: 0), SymType: '-deferred-', PDB: '', fileVersion: 10.0.22621.3527
C:\WINDOWS\SYSTEM32\xinput1_3.dll:xinput1_3.dll (0000000000400000), size: 122880 (result: 0), SymType: '-deferred-', PDB: '', fileVersion: 9.18.944.0
C:\WINDOWS\SYSTEM32\dcomp.dll:dcomp.dll (00007FF9F2390000), size: 2437120 (result: 0), SymType: '-deferred-', PDB: '', fileVersion: 10.0.22621.3810
C:\WINDOWS\SYSTEM32\textinputframework.dll:textinputframework.dll (00007FF9DEF70000), size: 1368064 (result: 0), SymType: '-deferred-', PDB: '', fileVersion: 10.0.22621.3810
C:\Windows\System32\Windows.UI.dll:Windows.UI.dll (00007FF9DF640000), size: 1527808 (result: 0), SymType: '-deferred-', PDB: '', fileVersion: 10.0.22621.3810
C:\WINDOWS\SYSTEM32\DNSAPI.dll:DNSAPI.dll (00007FF9F7280000), size: 1015808 (result: 0), SymType: '-deferred-', PDB: '', fileVersion: 10.0.22621.3733
C:\WINDOWS\System32\NSI.dll:NSI.dll (00007FF9F9EB0000), size: 36864 (result: 0), SymType: '-deferred-', PDB: '', fileVersion: 10.0.22621.1
C:\WINDOWS\SYSTEM32\dhcpcsvc6.DLL:dhcpcsvc6.DLL (00007FF9F40C0000), size: 102400 (result: 0), SymType: '-deferred-', PDB: '', fileVersion: 10.0.22621.2506
C:\WINDOWS\SYSTEM32\dhcpcsvc.DLL:dhcpcsvc.DLL (00007FF9F3C50000), size: 126976 (result: 0), SymType: '-deferred-', PDB: '', fileVersion: 10.0.22621.2506
C:\WINDOWS\SYSTEM32\WINNSI.DLL:WINNSI.DLL (00007FF9F5E10000), size: 53248 (result: 0), SymType: '-deferred-', PDB: '', fileVersion: 10.0.22621.1
C:\WINDOWS\system32\napinsp.dll:napinsp.dll (00007FF9D5FF0000), size: 94208 (result: 0), SymType: '-deferred-', PDB: '', fileVersion: 10.0.22621.1
C:\WINDOWS\system32\pnrpnsp.dll:pnrpnsp.dll (00007FF9D5FD0000), size: 110592 (result: 0), SymType: '-deferred-', PDB: '', fileVersion: 10.0.22621.1
C:\WINDOWS\System32\mswsock.dll:mswsock.dll (00007FF9F7C70000), size: 430080 (result: 0), SymType: '-deferred-', PDB: '', fileVersion: 10.0.22621.2506
C:\WINDOWS\System32\winrnr.dll:winrnr.dll (00007FF9D60B0000), size: 69632 (result: 0), SymType: '-deferred-', PDB: '', fileVersion: 10.0.22621.1
C:\WINDOWS\system32\wshbth.dll:wshbth.dll (00007FF9F0FD0000), size: 86016 (result: 0), SymType: '-deferred-', PDB: '', fileVersion: 10.0.22621.3374
C:\WINDOWS\system32\nlansp_c.dll:nlansp_c.dll (00007FF9D6080000), size: 159744 (result: 0), SymType: '-deferred-', PDB: '', fileVersion: 10.0.22621.3672
C:\Program Files\Bonjour\mdnsNSP.dll:mdnsNSP.dll (0000000071630000), size: 155648 (result: 0), SymType: '-deferred-', PDB: '', fileVersion: 3.0.0.10
C:\Windows\System32\rasadhlp.dll:rasadhlp.dll (00007FF9F0F60000), size: 40960 (result: 0), SymType: '-deferred-', PDB: '', fileVersion: 10.0.22621.1
C:\SteamLibrary\steamapps\common\The RPG Engine\The_RPG_Engine_Data\Plugins\x86_64\steam_api64.dll:steam_api64.dll (00007FF9E7E50000), size: 311296 (result: 0), SymType: '-deferred-', PDB: '', fileVersion: 7.40.51.27
C:\Program Files (x86)\Steam\steamclient64.dll:steamclient64.dll (00007FF8C8950000), size: 24170496 (result: 0), SymType: '-deferred-', PDB: '', fileVersion: 9.4.36.28
C:\WINDOWS\SYSTEM32\Secur32.dll:Secur32.dll (00007FF9F75E0000), size: 49152 (result: 0), SymType: '-deferred-', PDB: '', fileVersion: 10.0.22621.1
C:\Program Files (x86)\Steam\tier0_s64.dll:tier0_s64.dll (00007FF8F3BF0000), size: 1658880 (result: 0), SymType: '-deferred-', PDB: '', fileVersion: 9.4.36.28
C:\Program Files (x86)\Steam\vstdlib_s64.dll:vstdlib_s64.dll (00007FF9C0CB0000), size: 733184 (result: 0), SymType: '-deferred-', PDB: '', fileVersion: 9.4.36.28
C:\WINDOWS\SYSTEM32\SSPICLI.DLL:SSPICLI.DLL (00007FF9F7A60000), size: 274432 (result: 0), SymType: '-deferred-', PDB: '', fileVersion: 10.0.22621.3810
C:\WINDOWS\System32\fwpuclnt.dll:fwpuclnt.dll (00007FF9F2FE0000), size: 536576 (result: 0), SymType: '-deferred-', PDB: '', fileVersion: 10.0.22621.3235
C:\WINDOWS\SYSTEM32\gpapi.dll:gpapi.dll (00007FF9F7D00000), size: 155648 (result: 0), SymType: '-deferred-', PDB: '', fileVersion: 10.0.22621.3810
C:\WINDOWS\SYSTEM32\CoreMessaging.dll:CoreMessaging.dll (00007FF9F2740000), size: 1257472 (result: 0), SymType: '-deferred-', PDB: '', fileVersion: 10.0.22621.3672
C:\WINDOWS\SYSTEM32\CoreUIComponents.dll:CoreUIComponents.dll (00007FF9EF990000), size: 3592192 (result: 0), SymType: '-deferred-', PDB: '', fileVersion: 10.0.22621.3672
C:\WINDOWS\SYSTEM32\dbghelp.dll:dbghelp.dll (00007FF9ED230000), size: 2301952 (result: 0), SymType: '-deferred-', PDB: '', fileVersion: 10.0.22621.3593

========== OUTPUTTING STACK TRACE ==================

0x00007FF8CB7EB82B (UnityPlayer) UnityMain
0x00007FF8CB7EB911 (UnityPlayer) UnityMain
0x00007FF8CB7EC395 (UnityPlayer) UnityMain
0x00007FF8CB7EE284 (UnityPlayer) UnityMain
0x00007FF8CB7DC8E7 (UnityPlayer) UnityMain
0x00007FF8CB7DCE7B (UnityPlayer) UnityMain
SymInit: Symbol-SearchPath: '.;C:\SteamLibrary\steamapps\common\The RPG Engine;C:/SteamLibrary/steamapps/common/The RPG Engine/The_RPG_Engine_Data/Plugins\x86_64;C:/SteamLibrary/steamapps/common/The RPG Engine/The_RPG_Engine_Data/Plugins;C:\SteamLibrary\steamapps\common\The RPG Engine;C:\WINDOWS;C:\WINDOWS\system32;', symOptions: 534, UserName: 'jacki'
OS-Version: 10.0.0
C:\SteamLibrary\steamapps\common\The RPG Engine\The_RPG_Engine.exe:The_RPG_Engine.exe (00007FF729F90000), size: 675840 (result: 0), SymType: '-exported-', PDB: 'C:\SteamLibrary\steamapps\common\The RPG Engine\The_RPG_Engine.exe', fileVersion: 2021.3.30.13837
C:\WINDOWS\SYSTEM32\ntdll.dll:ntdll.dll (00007FF9FB3B0000), size: 2191360 (result: 0), SymType: '-exported-', PDB: 'C:\WINDOWS\SYSTEM32\ntdll.dll', fileVersion: 10.0.22621.3733
C:\WINDOWS\System32\KERNEL32.DLL:KERNEL32.DLL (00007FF9FA3E0000), size: 802816 (result: 0), SymType: '-exported-', PDB: 'C:\WINDOWS\System32\KERNEL32.DLL', fileVersion: 10.0.22621.3672
C:\WINDOWS\System32\KERNELBASE.dll:KERNELBASE.dll (00007FF9F86E0000), size: 3854336 (result: 0), SymType: '-exported-', PDB: 'C:\WINDOWS\System32\KERNELBASE.dll', fileVersion: 10.0.22621.3880
C:\SteamLibrary\steamapps\common\The RPG Engine\UnityPlayer.dll:UnityPlayer.dll (00007FF8CA670000), size: 30351360 (result: 0), SymType: '-exported-', PDB: 'C:\SteamLibrary\steamapps\common\The RPG Engine\UnityPlayer.dll', fileVersion: 2021.3.30.13837
C:\WINDOWS\System32\USER32.dll:USER32.dll (00007FF9F9F60000), size: 1761280 (result: 0), SymType: '-exported-', PDB: 'C:\WINDOWS\System32\USER32.dll', fileVersion: 10.0.22621.3810
C:\WINDOWS\System32\win32u.dll:win32u.dll (00007FF9F8E70000), size: 155648 (result: 0), SymType: '-exported-', PDB: 'C:\WINDOWS\System32\win32u.dll', fileVersion: 10.0.22621.3880
C:\WINDOWS\System32\GDI32.dll:GDI32.dll (00007FF9FA290000), size: 167936 (result: 0), SymType: '-exported-', PDB: 'C:\WINDOWS\System32\GDI32.dll', fileVersion: 10.0.22621.3672
C:\WINDOWS\System32\gdi32full.dll:gdi32full.dll (00007FF9F8CA0000), size: 1150976 (result: 0), SymType: '-exported-', PDB: 'C:\WINDOWS\System32\gdi32full.dll', fileVersion: 10.0.22621.3672
C:\WINDOWS\System32\msvcp_win.dll:msvcp_win.dll (00007FF9F8C00000), size: 630784 (result: 0), SymType: '-exported-', PDB: 'C:\WINDOWS\System32\msvcp_win.dll', fileVersion: 10.0.22621.3374
C:\WINDOWS\System32\ucrtbase.dll:ucrtbase.dll (00007FF9F8EA0000), size: 1118208 (result: 0), SymType: '-exported-', PDB: 'C:\WINDOWS\System32\ucrtbase.dll', fileVersion: 10.0.22621.3593
C:\WINDOWS\System32\ole32.dll:ole32.dll (00007FF9FABF0000), size: 1724416 (result: 0), SymType: '-exported-', PDB: 'C:\WINDOWS\System32\ole32.dll', fileVersion: 10.0.22621.3810
C:\WINDOWS\System32\combase.dll:combase.dll (00007FF9F90F0000), size: 3702784 (result: 0), SymType: '-exported-', PDB: 'C:\WINDOWS\System32\combase.dll', fileVersion: 10.0.22621.3672
C:\WINDOWS\System32\RPCRT4.dll:RPCRT4.dll (00007FF9FAA70000), size: 1130496 (result: 0), SymType: '-exported-', PDB: 'C:\WINDOWS\System32\RPCRT4.dll', fileVersion: 10.0.22621.3810
C:\WINDOWS\SYSTEM32\VERSION.dll:VERSION.dll (00007FF9F4080000), size: 40960 (result: 0), SymType: '-exported-', PDB: 'C:\WINDOWS\SYSTEM32\VERSION.dll', fileVersion: 10.0.22621.1
C:\WINDOWS\System32\SHLWAPI.dll:SHLWAPI.dll (00007FF9FB290000), size: 385024 (result: 0), SymType: '-exported-', PDB: 'C:\WINDOWS\System32\SHLWAPI.dll', fileVersion: 10.0.22621.3672
C:\WINDOWS\System32\msvcrt.dll:msvcrt.dll (00007FF9F9DA0000), size: 684032 (result: 0), SymType: '-exported-', PDB: 'C:\WINDOWS\System32\msvcrt.dll', fileVersion: 7.0.22621.2506
C:\WINDOWS\System32\SETUPAPI.dll:SETUPAPI.dll (00007FF9FA4B0000), size: 4669440 (result: 0), SymType: '-exported-', PDB: 'C:\WINDOWS\System32\SETUPAPI.dll', fileVersion: 10.0.22621.2506
C:\WINDOWS\System32\ADVAPI32.dll:ADVAPI32.dll (00007FF9FB1D0000), size: 729088 (result: 0), SymType: '-exported-', PDB: 'C:\WINDOWS\System32\ADVAPI32.dll', fileVersion: 10.0.22621.3810
C:\WINDOWS\System32\sechost.dll:sechost.dll (00007FF9F9480000), size: 692224 (result: 0), SymType: '-exported-', PDB: 'C:\WINDOWS\System32\sechost.dll', fileVersion: 10.0.22621.3810
C:\WINDOWS\System32\bcrypt.dll:bcrypt.dll (00007FF9F8DC0000), size: 163840 (result: 0), SymType: '-exported-', PDB: 'C:\WINDOWS\System32\bcrypt.dll', fileVersion: 10.0.22621.2506
C:\WINDOWS\System32\SHELL32.dll:SHELL32.dll (00007FF9F9540000), size: 8777728 (result: 0), SymType: '-exported-', PDB: 'C:\WINDOWS\System32\SHELL32.dll', fileVersion: 10.0.22621.3880
C:\WINDOWS\System32\OLEAUT32.dll:OLEAUT32.dll (00007FF9FA2C0000), size: 880640 (result: 0), SymType: '-exported-', PDB: 'C:\WINDOWS\System32\OLEAUT32.dll', fileVersion: 10.0.22621.3672
C:\WINDOWS\System32\IMM32.dll:IMM32.dll (00007FF9FA3A0000), size: 200704 (result: 0), SymType: '-exported-', PDB: 'C:\WINDOWS\System32\IMM32.dll', fileVersion: 10.0.22621.3374
C:\WINDOWS\SYSTEM32\WINMM.dll:WINMM.dll (00007FF9F39C0000), size: 212992 (result: 0), SymType: '-exported-', PDB: 'C:\WINDOWS\SYSTEM32\WINMM.dll', fileVersion: 10.0.22621.3672
C:\WINDOWS\SYSTEM32\OPENGL32.dll:OPENGL32.dll (00007FF96F320000), size: 1048576 (result: 0), SymType: '-exported-', PDB: 'C:\WINDOWS\SYSTEM32\OPENGL32.dll', fileVersion: 10.0.22621.3672
C:\WINDOWS\System32\CRYPT32.dll:CRYPT32.dll (00007FF9F8A90000), size: 1470464 (result: 0), SymType: '-exported-', PDB: 'C:\WINDOWS\System32\CRYPT32.dll', fileVersion: 10.0.22621.3810
C:\WINDOWS\System32\WS2_32.dll:WS2_32.dll (00007FF9FB2F0000), size: 462848 (result: 0), SymType: '-exported-', PDB: 'C:\WINDOWS\System32\WS2_32.dll', fileVersion: 10.0.22621.1
C:\WINDOWS\SYSTEM32\WINHTTP.dll:WINHTTP.dll (00007FF9F3D70000), size: 1269760 (result: 0), SymType: '-exported-', PDB: 'C:\WINDOWS\SYSTEM32\WINHTTP.dll', fileVersion: 10.0.22621.3880
C:\WINDOWS\SYSTEM32\GLU32.dll:GLU32.dll (00007FF970190000), size: 184320 (result: 0), SymType: '-exported-', PDB: 'C:\WINDOWS\SYSTEM32\GLU32.dll', fileVersion: 10.0.22621.2506
C:\WINDOWS\SYSTEM32\HID.DLL:HID.DLL (00007FF9F6F40000), size: 57344 (result: 0), SymType: '-exported-', PDB: 'C:\WINDOWS\SYSTEM32\HID.DLL', fileVersion: 10.0.22621.1
C:\WINDOWS\SYSTEM32\dwmapi.dll:dwmapi.dll (00007FF9F5E30000), size: 176128 (result: 0), SymType: '-exported-', PDB: 'C:\WINDOWS\SYSTEM32\dwmapi.dll', fileVersion: 10.0.22621.3672
C:\WINDOWS\SYSTEM32\dxcore.dll:dxcore.dll (00007FF9F5E60000), size: 233472 (result: 0), SymType: '-exported-', PDB: 'C:\WINDOWS\SYSTEM32\dxcore.dll', fileVersion: 10.0.22621.3672
C:\Program Files (x86)\Steam\gameoverlayrenderer64.dll:gameoverlayrenderer64.dll (00007FF96C620000), size: 1646592 (result: 0), SymType: '-exported-', PDB: 'C:\Program Files (x86)\Steam\gameoverlayrenderer64.dll', fileVersion: 9.4.36.28
C:\WINDOWS\System32\PSAPI.DLL:PSAPI.DLL (00007FF9FAF00000), size: 32768 (result: 0), SymType: '-exported-', PDB: 'C:\WINDOWS\System32\PSAPI.DLL', fileVersion: 10.0.22621.1
C:\WINDOWS\SYSTEM32\CFGMGR32.dll:CFGMGR32.dll (00007FF9F83C0000), size: 319488 (result: 0), SymType: '-exported-', PDB: 'C:\WINDOWS\SYSTEM32\CFGMGR32.dll', fileVersion: 10.0.22621.2506
C:\WINDOWS\SYSTEM32\kernel.appcore.dll:kernel.appcore.dll (00007FF9F7800000), size: 98304 (result: 0), SymType: '-exported-', PDB: 'C:\WINDOWS\SYSTEM32\kernel.appcore.dll', fileVersion: 10.0.22621.2715
C:\WINDOWS\System32\bcryptPrimitives.dll:bcryptPrimitives.dll (00007FF9F8DF0000), size: 503808 (result: 0), SymType: '-exported-', PDB: 'C:\WINDOWS\System32\bcryptPrimitives.dll', fileVersion: 10.0.22621.3672
C:\WINDOWS\system32\uxtheme.dll:uxtheme.dll (00007FF9F5B70000), size: 716800 (result: 0), SymType: '-exported-', PDB: 'C:\WINDOWS\system32\uxtheme.dll', fileVersion: 10.0.22621.3810
C:\WINDOWS\System32\shcore.dll:shcore.dll (00007FF9FA930000), size: 999424 (result: 0), SymType: '-exported-', PDB: 'C:\WINDOWS\System32\shcore.dll', fileVersion: 10.0.22621.3810
C:\WINDOWS\SYSTEM32\windows.storage.dll:windows.storage.dll (00007FF9F6640000), size: 9420800 (result: 0), SymType: '-exported-', PDB: 'C:\WINDOWS\SYSTEM32\windows.storage.dll', fileVersion: 10.0.22621.3880
C:\WINDOWS\SYSTEM32\wintypes.dll:wintypes.dll (00007FF9F6500000), size: 1306624 (result: 0), SymType: '-exported-', PDB: 'C:\WINDOWS\SYSTEM32\wintypes.dll', fileVersion: 10.0.22621.3810
C:\WINDOWS\SYSTEM32\profapi.dll:profapi.dll (00007FF9F8610000), size: 135168 (result: 0), SymType: '-nosymbols-', PDB: 'C:\WINDOWS\SYSTEM32\profapi.dll', fileVersion: 10.0.22621.3527
C:\SteamLibrary\steamapps\common\The RPG Engine\MonoBleedingEdge\EmbedRuntime\mono-2.0-bdwgc.dll:mono-2.0-bdwgc.dll (00007FF8CCA00000), size: 10686464 (result: 0), SymType: '-exported-', PDB: 'C:\SteamLibrary\steamapps\common\The RPG Engine\MonoBleedingEdge\EmbedRuntime\mono-2.0-bdwgc.dll'
C:\WINDOWS\SYSTEM32\iphlpapi.dll:iphlpapi.dll (00007FF9F7210000), size: 184320 (result: 0), SymType: '-exported-', PDB: 'C:\WINDOWS\SYSTEM32\iphlpapi.dll', fileVersion: 10.0.22621.1
C:\WINDOWS\System32\MSCTF.dll:MSCTF.dll (00007FF9FADA0000), size: 1388544 (result: 0), SymType: '-exported-', PDB: 'C:\WINDOWS\System32\MSCTF.dll', fileVersion: 10.0.22621.3810
C:\WINDOWS\SYSTEM32\d3d11.dll:d3d11.dll (00007FF9F2130000), size: 2453504 (result: 0), SymType: '-exported-', PDB: 'C:\WINDOWS\SYSTEM32\d3d11.dll', fileVersion: 10.0.22621.3672
C:\WINDOWS\SYSTEM32\dxgi.dll:dxgi.dll (00007FF9F5CD0000), size: 1011712 (result: 0), SymType: '-exported-', PDB: 'C:\WINDOWS\SYSTEM32\dxgi.dll', fileVersion: 10.0.22621.3672
C:\WINDOWS\SYSTEM32\directxdatabasehelper.dll:directxdatabasehelper.dll (00007FF9F0340000), size: 299008 (result: 0), SymType: '-nosymbols-', PDB: 'C:\WINDOWS\SYSTEM32\directxdatabasehelper.dll', fileVersion: 10.0.22621.3672
C:\WINDOWS\System32\DriverStore\FileRepository\nvmdi.inf_amd64_7b5ca18eebabd2c0\nvldumdx.dll:nvldumdx.dll (00007FF96C460000), size: 790528 (result: 0), SymType: '-exported-', PDB: 'C:\WINDOWS\System32\DriverStore\FileRepository\nvmdi.inf_amd64_7b5ca18eebabd2c0\nvldumdx.dll', fileVersion: 32.0.15.6070
C:\WINDOWS\SYSTEM32\msasn1.dll:msasn1.dll (00007FF9F8370000), size: 73728 (result: 0), SymType: '-exported-', PDB: 'C:\WINDOWS\SYSTEM32\msasn1.dll', fileVersion: 10.0.22621.2506
C:\WINDOWS\SYSTEM32\cryptnet.dll:cryptnet.dll (00007FF9F0FF0000), size: 204800 (result: 0), SymType: '-exported-', PDB: 'C:\WINDOWS\SYSTEM32\cryptnet.dll', fileVersion: 10.0.22621.1
C:\WINDOWS\SYSTEM32\cryptbase.dll:cryptbase.dll (00007FF9F7ED0000), size: 49152 (result: 0), SymType: '-exported-', PDB: 'C:\WINDOWS\SYSTEM32\cryptbase.dll', fileVersion: 10.0.22621.1
C:\WINDOWS\SYSTEM32\wldp.dll:wldp.dll (00007FF9F7F80000), size: 299008 (result: 0), SymType: '-exported-', PDB: 'C:\WINDOWS\SYSTEM32\wldp.dll', fileVersion: 10.0.22621.3810
C:\WINDOWS\SYSTEM32\drvstore.dll:drvstore.dll (00007FF9F0E00000), size: 1409024 (result: 0), SymType: '-exported-', PDB: 'C:\WINDOWS\SYSTEM32\drvstore.dll', fileVersion: 10.0.22621.3672
C:\WINDOWS\SYSTEM32\devobj.dll:devobj.dll (00007FF9F8390000), size: 180224 (result: 0), SymType: '-exported-', PDB: 'C:\WINDOWS\SYSTEM32\devobj.dll', fileVersion: 10.0.22621.2506
C:\WINDOWS\System32\wintrust.dll:wintrust.dll (00007FF9F9080000), size: 438272 (result: 0), SymType: '-exported-', PDB: 'C:\WINDOWS\System32\wintrust.dll', fileVersion: 10.0.22621.3810
C:\WINDOWS\System32\imagehlp.dll:imagehlp.dll (00007FF9FAA30000), size: 126976 (result: 0), SymType: '-exported-', PDB: 'C:\WINDOWS\System32\imagehlp.dll', fileVersion: 10.0.22621.1
C:\WINDOWS\SYSTEM32\CRYPTSP.dll:CRYPTSP.dll (00007FF9F7EE0000), size: 110592 (result: 0), SymType: '-exported-', PDB: 'C:\WINDOWS\SYSTEM32\CRYPTSP.dll', fileVersion: 10.0.22621.3672
C:\WINDOWS\system32\rsaenh.dll:rsaenh.dll (00007FF9F7760000), size: 217088 (result: 0), SymType: '-exported-', PDB: 'C:\WINDOWS\system32\rsaenh.dll', fileVersion: 10.0.22621.1
C:\WINDOWS\System32\DriverStore\FileRepository\nvmdi.inf_amd64_7b5ca18eebabd2c0\nvgpucomp64.dll:nvgpucomp64.dll (00007FF8D6AD0000), size: 33480704 (result: 0), SymType: '-exported-', PDB: 'C:\WINDOWS\System32\DriverStore\FileRepository\nvmdi.inf_amd64_7b5ca18eebabd2c0\nvgpucomp64.dll', fileVersion: 32.0.15.6070
C:\WINDOWS\System32\DriverStore\FileRepository\nvmdi.inf_amd64_7b5ca18eebabd2c0\nvwgf2umx.dll:nvwgf2umx.dll (00007FF8D29B0000), size: 68272128 (result: 0), SymType: '-exported-', PDB: 'C:\WINDOWS\System32\DriverStore\FileRepository\nvmdi.inf_amd64_7b5ca18eebabd2c0\nvwgf2umx.dll', fileVersion: 32.0.15.6070
C:\WINDOWS\SYSTEM32\powrprof.dll:powrprof.dll (00007FF9F7570000), size: 315392 (result: 0), SymType: '-exported-', PDB: 'C:\WINDOWS\SYSTEM32\powrprof.dll', fileVersion: 10.0.22621.3374
C:\WINDOWS\SYSTEM32\UMPDC.dll:UMPDC.dll (00007FF9F7550000), size: 77824 (result: 0), SymType: '-exported-', PDB: 'C:\WINDOWS\SYSTEM32\UMPDC.dll', fileVersion: 10.0.22621.1
C:\WINDOWS\system32\nvspcap64.dll:nvspcap64.dll (00007FF99EE50000), size: 2949120 (result: 0), SymType: '-exported-', PDB: 'C:\WINDOWS\system32\nvspcap64.dll', fileVersion: 3.28.0.417
C:\WINDOWS\SYSTEM32\ntmarta.dll:ntmarta.dll (00007FF9F7820000), size: 212992 (result: 0), SymType: '-exported-', PDB: 'C:\WINDOWS\SYSTEM32\ntmarta.dll', fileVersion: 10.0.22621.1
C:\WINDOWS\System32\DriverStore\FileRepository\nvmdi.inf_amd64_7b5ca18eebabd2c0\nvppex.dll:nvppex.dll (00007FF969320000), size: 1396736 (result: 0), SymType: '-exported-', PDB: 'C:\WINDOWS\System32\DriverStore\FileRepository\nvmdi.inf_amd64_7b5ca18eebabd2c0\nvppex.dll', fileVersion: 32.0.15.6070
C:\WINDOWS\System32\clbcatq.dll:clbcatq.dll (00007FF9FAF10000), size: 720896 (result: 0), SymType: '-exported-', PDB: 'C:\WINDOWS\System32\clbcatq.dll', fileVersion: 2001.12.10941.16384
C:\WINDOWS\system32\wbem\wbemprox.dll:wbemprox.dll (00007FF9F0600000), size: 65536 (result: 0), SymType: '-exported-', PDB: 'C:\WINDOWS\system32\wbem\wbemprox.dll', fileVersion: 10.0.22621.3672
C:\WINDOWS\SYSTEM32\wbemcomn.dll:wbemcomn.dll (00007FF9F0580000), size: 524288 (result: 0), SymType: '-exported-', PDB: 'C:\WINDOWS\SYSTEM32\wbemcomn.dll', fileVersion: 10.0.22621.2506
C:\WINDOWS\system32\wbem\wbemsvc.dll:wbemsvc.dll (00007FF9E92D0000), size: 81920 (result: 0), SymType: '-exported-', PDB: 'C:\WINDOWS\system32\wbem\wbemsvc.dll', fileVersion: 10.0.22621.3672
C:\WINDOWS\system32\wbem\fastprox.dll:fastprox.dll (00007FF9E9440000), size: 1015808 (result: 0), SymType: '-exported-', PDB: 'C:\WINDOWS\system32\wbem\fastprox.dll', fileVersion: 10.0.22621.3672
C:\WINDOWS\SYSTEM32\amsi.dll:amsi.dll (00007FF9E5190000), size: 118784 (result: 0), SymType: '-exported-', PDB: 'C:\WINDOWS\SYSTEM32\amsi.dll', fileVersion: 10.0.22621.3527
C:\WINDOWS\SYSTEM32\USERENV.dll:USERENV.dll (00007FF9F7D70000), size: 163840 (result: 0), SymType: '-exported-', PDB: 'C:\WINDOWS\SYSTEM32\USERENV.dll', fileVersion: 10.0.22621.3527
C:\ProgramData\Microsoft\Windows Defender\Platform\4.18.24070.5-0\MpOav.dll:MpOav.dll (00007FF9E6870000), size: 528384 (result: 0), SymType: '-exported-', PDB: 'C:\ProgramData\Microsoft\Windows Defender\Platform\4.18.24070.5-0\MpOav.dll', fileVersion: 4.18.24070.5
C:\WINDOWS\System32\MMDevApi.dll:MMDevApi.dll (00007FF9F02A0000), size: 643072 (result: 0), SymType: '-exported-', PDB: 'C:\WINDOWS\System32\MMDevApi.dll', fileVersion: 10.0.22621.3672
C:\WINDOWS\SYSTEM32\AUDIOSES.DLL:AUDIOSES.DLL (00007FF9E8360000), size: 2015232 (result: 0), SymType: '-exported-', PDB: 'C:\WINDOWS\SYSTEM32\AUDIOSES.DLL', fileVersion: 10.0.22621.3810
C:\WINDOWS\SYSTEM32\resourcepolicyclient.dll:resourcepolicyclient.dll (00007FF9F6110000), size: 86016 (result: 0), SymType: '-exported-', PDB: 'C:\WINDOWS\SYSTEM32\resourcepolicyclient.dll', fileVersion: 10.0.22621.3527
C:\WINDOWS\SYSTEM32\xinput1_3.dll:xinput1_3.dll (0000000000400000), size: 122880 (result: 0), SymType: '-nosymbols-', PDB: 'C:\WINDOWS\SYSTEM32\xinput1_3.dll', fileVersion: 9.18.944.0
C:\WINDOWS\SYSTEM32\dcomp.dll:dcomp.dll (00007FF9F2390000), size: 2437120 (result: 0), SymType: '-nosymbols-', PDB: 'C:\WINDOWS\SYSTEM32\dcomp.dll', fileVersion: 10.0.22621.3810
C:\WINDOWS\SYSTEM32\textinputframework.dll:textinputframework.dll (00007FF9DEF70000), size: 1368064 (result: 0), SymType: '-exported-', PDB: 'C:\WINDOWS\SYSTEM32\textinputframework.dll', fileVersion: 10.0.22621.3810
C:\Windows\System32\Windows.UI.dll:Windows.UI.dll (00007FF9DF640000), size: 1527808 (result: 0), SymType: '-nosymbols-', PDB: 'C:\Windows\System32\Windows.UI.dll', fileVersion: 10.0.22621.3810
C:\WINDOWS\SYSTEM32\DNSAPI.dll:DNSAPI.dll (00007FF9F7280000), size: 1015808 (result: 0), SymType: '-exported-', PDB: 'C:\WINDOWS\SYSTEM32\DNSAPI.dll', fileVersion: 10.0.22621.3733
C:\WINDOWS\System32\NSI.dll:NSI.dll (00007FF9F9EB0000), size: 36864 (result: 0), SymType: '-exported-', PDB: 'C:\WINDOWS\System32\NSI.dll', fileVersion: 10.0.22621.1
C:\WINDOWS\SYSTEM32\dhcpcsvc6.DLL:dhcpcsvc6.DLL (00007FF9F40C0000), size: 102400 (result: 0), SymType: '-exported-', PDB: 'C:\WINDOWS\SYSTEM32\dhcpcsvc6.DLL', fileVersion: 10.0.22621.2506
C:\WINDOWS\SYSTEM32\dhcpcsvc.DLL:dhcpcsvc.DLL (00007FF9F3C50000), size: 126976 (result: 0), SymType: '-exported-', PDB: 'C:\WINDOWS\SYSTEM32\dhcpcsvc.DLL', fileVersion: 10.0.22621.2506
C:\WINDOWS\SYSTEM32\WINNSI.DLL:WINNSI.DLL (00007FF9F5E10000), size: 53248 (result: 0), SymType: '-exported-', PDB: 'C:\WINDOWS\SYSTEM32\WINNSI.DLL', fileVersion: 10.0.22621.1
C:\WINDOWS\system32\napinsp.dll:napinsp.dll (00007FF9D5FF0000), size: 94208 (result: 0), SymType: '-exported-', PDB: 'C:\WINDOWS\system32\napinsp.dll', fileVersion: 10.0.22621.1
C:\WINDOWS\system32\pnrpnsp.dll:pnrpnsp.dll (00007FF9D5FD0000), size: 110592 (result: 0), SymType: '-exported-', PDB: 'C:\WINDOWS\system32\pnrpnsp.dll', fileVersion: 10.0.22621.1
C:\WINDOWS\System32\mswsock.dll:mswsock.dll (00007FF9F7C70000), size: 430080 (result: 0), SymType: '-exported-', PDB: 'C:\WINDOWS\System32\mswsock.dll', fileVersion: 10.0.22621.2506
C:\WINDOWS\System32\winrnr.dll:winrnr.dll (00007FF9D60B0000), size: 69632 (result: 0), SymType: '-exported-', PDB: 'C:\WINDOWS\System32\winrnr.dll', fileVersion: 10.0.22621.1
C:\WINDOWS\system32\wshbth.dll:wshbth.dll (00007FF9F0FD0000), size: 86016 (result: 0), SymType: '-exported-', PDB: 'C:\WINDOWS\system32\wshbth.dll', fileVersion: 10.0.22621.3374
C:\WINDOWS\system32\nlansp_c.dll:nlansp_c.dll (00007FF9D6080000), size: 159744 (result: 0), SymType: '-exported-', PDB: 'C:\WINDOWS\system32\nlansp_c.dll', fileVersion: 10.0.22621.3672
C:\Program Files\Bonjour\mdnsNSP.dll:mdnsNSP.dll (0000000071630000), size: 155648 (result: 0), SymType: '-exported-', PDB: 'C:\Program Files\Bonjour\mdnsNSP.dll', fileVersion: 3.0.0.10
C:\Windows\System32\rasadhlp.dll:rasadhlp.dll (00007FF9F0F60000), size: 40960 (result: 0), SymType: '-exported-', PDB: 'C:\Windows\System32\rasadhlp.dll', fileVersion: 10.0.22621.1
C:\SteamLibrary\steamapps\common\The RPG Engine\The_RPG_Engine_Data\Plugins\x86_64\steam_api64.dll:steam_api64.dll (00007FF9E7E50000), size: 311296 (result: 0), SymType: '-exported-', PDB: 'C:\SteamLibrary\steamapps\common\The RPG Engine\The_RPG_Engine_Data\Plugins\x86_64\steam_api64.dll', fileVersion: 7.40.51.27
C:\Program Files (x86)\Steam\steamclient64.dll:steamclient64.dll (00007FF8C8950000), size: 24170496 (result: 0), SymType: '-exported-', PDB: 'C:\Program Files (x86)\Steam\steamclient64.dll', fileVersion: 9.4.36.28
C:\WINDOWS\SYSTEM32\Secur32.dll:Secur32.dll (00007FF9F75E0000), size: 49152 (result: 0), SymType: '-exported-', PDB: 'C:\WINDOWS\SYSTEM32\Secur32.dll', fileVersion: 10.0.22621.1
C:\Program Files (x86)\Steam\tier0_s64.dll:tier0_s64.dll (00007FF8F3BF0000), size: 1658880 (result: 0), SymType: '-exported-', PDB: 'C:\Program Files (x86)\Steam\tier0_s64.dll', fileVersion: 9.4.36.28
C:\Program Files (x86)\Steam\vstdlib_s64.dll:vstdlib_s64.dll (00007FF9C0CB0000), size: 733184 (result: 0), SymType: '-exported-', PDB: 'C:\Program Files (x86)\Steam\vstdlib_s64.dll', fileVersion: 9.4.36.28
C:\WINDOWS\SYSTEM32\SSPICLI.DLL:SSPICLI.DLL (00007FF9F7A60000), size: 274432 (result: 0), SymType: '-exported-', PDB: 'C:\WINDOWS\SYSTEM32\SSPICLI.DLL', fileVersion: 10.0.22621.3810
C:\WINDOWS\System32\fwpuclnt.dll:fwpuclnt.dll (00007FF9F2FE0000), size: 536576 (result: 0), SymType: '-exported-', PDB: 'C:\WINDOWS\System32\fwpuclnt.dll', fileVersion: 10.0.22621.3235
C:\WINDOWS\SYSTEM32\gpapi.dll:gpapi.dll (00007FF9F7D00000), size: 155648 (result: 0), SymType: '-exported-', PDB: 'C:\WINDOWS\SYSTEM32\gpapi.dll', fileVersion: 10.0.22621.3810
C:\WINDOWS\SYSTEM32\CoreMessaging.dll:CoreMessaging.dll (00007FF9F2740000), size: 1257472 (result: 0), SymType: '-exported-', PDB: 'C:\WINDOWS\SYSTEM32\CoreMessaging.dll', fileVersion: 10.0.22621.3672
C:\WINDOWS\SYSTEM32\CoreUIComponents.dll:CoreUIComponents.dll (00007FF9EF990000), size: 3592192 (result: 0), SymType: '-exported-', PDB: 'C:\WINDOWS\SYSTEM32\CoreUIComponents.dll', fileVersion: 10.0.22621.3672
C:\WINDOWS\SYSTEM32\dbghelp.dll:dbghelp.dll (00007FF9ED230000), size: 2301952 (result: 0), SymType: '-exported-', PDB: 'C:\WINDOWS\SYSTEM32\dbghelp.dll', fileVersion: 10.0.22621.3593
  ERROR: SymGetSymFromAddr64, GetLastError: 'Attempt to access invalid address.' (Address: 00007FF8CABE9223)
0x00007FF8CABE9223 (UnityPlayer) (function-name not available)
  ERROR: SymGetSymFromAddr64, GetLastError: 'Attempt to access invalid address.' (Address: 00007FF8CABE9E9B)
0x00007FF8CABE9E9B (UnityPlayer) (function-name not available)
  ERROR: SymGetSymFromAddr64, GetLastError: 'Attempt to access invalid address.' (Address: 00007FF8CAC10D91)
0x00007FF8CAC10D91 (UnityPlayer) (function-name not available)
  ERROR: SymGetSymFromAddr64, GetLastError: 'Attempt to access invalid address.' (Address: 00007FF8CAC1053B)
0x00007FF8CAC1053B (UnityPlayer) (function-name not available)
  ERROR: SymGetSymFromAddr64, GetLastError: 'Attempt to access invalid address.' (Address: 00007FF8CAC0BE84)
0x00007FF8CAC0BE84 (UnityPlayer) (function-name not available)
  ERROR: SymGetSymFromAddr64, GetLastError: 'Attempt to access invalid address.' (Address: 00007FF8CAC0B21F)
0x00007FF8CAC0B21F (UnityPlayer) (function-name not available)
  ERROR: SymGetSymFromAddr64, GetLastError: 'Attempt to access invalid address.' (Address: 00007FF8CAC036E0)
0x00007FF8CAC036E0 (UnityPlayer) (function-name not available)
  ERROR: SymGetSymFromAddr64, GetLastError: 'Attempt to access invalid address.' (Address: 00007FF8CAB0BBCA)
0x00007FF8CAB0BBCA (UnityPlayer) (function-name not available)
  ERROR: SymGetSymFromAddr64, GetLastError: 'Attempt to access invalid address.' (Address: 00007FF8CAB0BC70)
0x00007FF8CAB0BC70 (UnityPlayer) (function-name not available)
  ERROR: SymGetSymFromAddr64, GetLastError: 'Attempt to access invalid address.' (Address: 00007FF8CAB0E948)
0x00007FF8CAB0E948 (UnityPlayer) (function-name not available)
  ERROR: SymGetSymFromAddr64, GetLastError: 'Attempt to access invalid address.' (Address: 00007FF8CAD0B3BA)
0x00007FF8CAD0B3BA (UnityPlayer) (function-name not available)
  ERROR: SymGetSymFromAddr64, GetLastError: 'Attempt to access invalid address.' (Address: 00007FF8CAD0A0EB)
0x00007FF8CAD0A0EB (UnityPlayer) (function-name not available)
  ERROR: SymGetSymFromAddr64, GetLastError: 'Attempt to access invalid address.' (Address: 00007FF8CAD0E8C7)
0x00007FF8CAD0E8C7 (UnityPlayer) (function-name not available)
0x00007FF8CAD1042B (UnityPlayer) UnityMain
  ERROR: SymGetSymFromAddr64, GetLastError: 'Attempt to access invalid address.' (Address: 00007FF729F911F2)
0x00007FF729F911F2 (The_RPG_Engine) (function-name not available)
0x00007FF9FA3F257D (KERNEL32) BaseThreadInitThunk
0x00007FF9FB40AF28 (ntdll) RtlUserThreadStart

========== END OF STACKTRACE ===========

A crash has been intercepted by the crash handler. For call stack and other details, see the latest crash report generated in:
 * C:/Users/jacki/AppData/Local/Temp/PolyDemons/The_RPG_Engine/Crashes
