[0714/164741.358:INFO:API.cpp(297)] zfb_init: Started browser
[0714/164741.358:INFO:API.cpp(299)] zfb_init: Using --disable-smooth-scrolling
[0714/164750.633:WARNING:browser_info.cc(298)] Returning a speculative frame for 25769803781 [6,5]
[0714/164750.683:WARNING:browser_info.cc(298)] Returning a speculative frame for 25769803781 [6,5]
[0714/164750.683:WARNING:browser_info.cc(298)] Returning a speculative frame for 25769803781 [6,5]
[0714/164750.683:WARNING:browser_info.cc(298)] Returning a speculative frame for 25769803781 [6,5]
[0714/164750.683:WARNING:browser_info.cc(298)] Returning a speculative frame for 25769803781 [6,5]
[0714/164753.668:WARNING:browser_info.cc(298)] Returning a speculative frame for 34359738374 [8,6]
[0714/164753.714:WARNING:browser_info.cc(298)] Returning a speculative frame for 38654705671 [9,7]
[0714/164753.714:WARNING:browser_info.cc(298)] Returning a speculative frame for 38654705671 [9,7]
[0714/164753.714:WARNING:browser_info.cc(298)] Returning a speculative frame for 38654705671 [9,7]
[0714/164753.714:WARNING:browser_info.cc(298)] Returning a speculative frame for 38654705671 [9,7]
[0714/164753.772:WARNING:browser_info.cc(298)] Returning a speculative frame for 38654705671 [9,7]
[0714/164754.166:WARNING:browser_info.cc(298)] Returning a speculative frame for 34359738374 [8,6]
[0714/164754.166:WARNING:browser_info.cc(298)] Returning a speculative frame for 34359738374 [8,6]
[0714/164754.166:WARNING:browser_info.cc(298)] Returning a speculative frame for 34359738374 [8,6]
[0714/164754.166:WARNING:browser_info.cc(298)] Returning a speculative frame for 34359738374 [8,6]
[0714/164757.489:WARNING:browser_info.cc(298)] Returning a speculative frame for 42949672965 [10,5]
[0714/164757.558:WARNING:browser_info.cc(298)] Returning a speculative frame for 47244640262 [11,6]
[0714/164757.607:WARNING:browser_info.cc(298)] Returning a speculative frame for 47244640262 [11,6]
[0714/164757.608:WARNING:browser_info.cc(298)] Returning a speculative frame for 47244640262 [11,6]
[0714/164757.608:WARNING:browser_info.cc(298)] Returning a speculative frame for 47244640262 [11,6]
[0714/164757.608:WARNING:browser_info.cc(298)] Returning a speculative frame for 47244640262 [11,6]
[0714/164757.610:WARNING:browser_info.cc(298)] Returning a speculative frame for 42949672965 [10,5]
[0714/164757.610:WARNING:browser_info.cc(298)] Returning a speculative frame for 42949672965 [10,5]
[0714/164757.610:WARNING:browser_info.cc(298)] Returning a speculative frame for 42949672965 [10,5]
[0714/164757.610:WARNING:browser_info.cc(298)] Returning a speculative frame for 42949672965 [10,5]
[0714/164757.873:WARNING:browser_info.cc(298)] Returning a speculative frame for 51539607561 [12,9]
[0714/164757.876:WARNING:browser_info.cc(298)] Returning a speculative frame for 55834574858 [13,10]
[0714/164757.876:WARNING:browser_info.cc(298)] Returning a speculative frame for 55834574858 [13,10]
[0714/164757.876:WARNING:browser_info.cc(298)] Returning a speculative frame for 55834574858 [13,10]
[0714/164757.876:WARNING:browser_info.cc(298)] Returning a speculative frame for 55834574858 [13,10]
[0714/164757.944:WARNING:browser_info.cc(298)] Returning a speculative frame for 55834574858 [13,10]
[0714/164757.992:WARNING:browser_info.cc(298)] Returning a speculative frame for 51539607561 [12,9]
[0714/164757.992:WARNING:browser_info.cc(298)] Returning a speculative frame for 51539607561 [12,9]
[0714/164757.992:WARNING:browser_info.cc(298)] Returning a speculative frame for 51539607561 [12,9]
[0714/164757.992:WARNING:browser_info.cc(298)] Returning a speculative frame for 51539607561 [12,9]
[0714/164916.251:WARNING:browser_info.cc(298)] Returning a speculative frame for 68719476742 [16,6]
[0714/164916.254:WARNING:browser_info.cc(298)] Returning a speculative frame for 73014444039 [17,7]
[0714/164916.254:WARNING:browser_info.cc(298)] Returning a speculative frame for 73014444039 [17,7]
[0714/164916.254:WARNING:browser_info.cc(298)] Returning a speculative frame for 73014444039 [17,7]
[0714/164916.255:WARNING:browser_info.cc(298)] Returning a speculative frame for 73014444039 [17,7]
[0714/164916.307:WARNING:browser_info.cc(298)] Returning a speculative frame for 73014444039 [17,7]
[0714/164916.372:WARNING:browser_info.cc(298)] Returning a speculative frame for 68719476742 [16,6]
[0714/164916.372:WARNING:browser_info.cc(298)] Returning a speculative frame for 68719476742 [16,6]
[0714/164916.372:WARNING:browser_info.cc(298)] Returning a speculative frame for 68719476742 [16,6]
[0714/164916.372:WARNING:browser_info.cc(298)] Returning a speculative frame for 68719476742 [16,6]
[0714/164941.698:ERROR:gpu_init.cc(457)] Passthrough is not supported, GL is disabled, ANGLE is 
[0714/172852.521:WARNING:browser_info.cc(298)] Returning a speculative frame for 77309411334 [18,6]
[0714/172852.521:WARNING:browser_info.cc(298)] Returning a speculative frame for 85899345927 [20,7]
[0714/172852.522:WARNING:browser_info.cc(298)] Returning a speculative frame for 85899345927 [20,7]
[0714/172852.522:WARNING:browser_info.cc(298)] Returning a speculative frame for 85899345927 [20,7]
[0714/172852.522:WARNING:browser_info.cc(298)] Returning a speculative frame for 85899345927 [20,7]
[0714/172852.582:WARNING:browser_info.cc(298)] Returning a speculative frame for 85899345927 [20,7]
[0714/172852.903:WARNING:browser_info.cc(298)] Returning a speculative frame for 77309411334 [18,6]
[0714/172852.904:WARNING:browser_info.cc(298)] Returning a speculative frame for 77309411334 [18,6]
[0714/172852.904:WARNING:browser_info.cc(298)] Returning a speculative frame for 77309411334 [18,6]
[0714/172852.904:WARNING:browser_info.cc(298)] Returning a speculative frame for 77309411334 [18,6]
[0714/172855.806:WARNING:browser_info.cc(298)] Returning a speculative frame for 90194313223 [21,7]
[0714/172855.811:WARNING:browser_info.cc(298)] Returning a speculative frame for 94489280520 [22,8]
[0714/172855.811:WARNING:browser_info.cc(298)] Returning a speculative frame for 94489280520 [22,8]
[0714/172855.811:WARNING:browser_info.cc(298)] Returning a speculative frame for 94489280520 [22,8]
[0714/172855.811:WARNING:browser_info.cc(298)] Returning a speculative frame for 94489280520 [22,8]
[0714/172855.873:WARNING:browser_info.cc(298)] Returning a speculative frame for 94489280520 [22,8]
[0714/172855.943:WARNING:browser_info.cc(298)] Returning a speculative frame for 90194313223 [21,7]
[0714/172855.945:WARNING:browser_info.cc(298)] Returning a speculative frame for 90194313223 [21,7]
[0714/172855.945:WARNING:browser_info.cc(298)] Returning a speculative frame for 90194313223 [21,7]
[0714/172855.945:WARNING:browser_info.cc(298)] Returning a speculative frame for 90194313223 [21,7]
[0714/172859.320:WARNING:browser_info.cc(298)] Returning a speculative frame for 98784247814 [23,6]
[0714/172859.323:WARNING:browser_info.cc(298)] Returning a speculative frame for 103079215111 [24,7]
[0714/172859.324:WARNING:browser_info.cc(298)] Returning a speculative frame for 103079215111 [24,7]
[0714/172859.324:WARNING:browser_info.cc(298)] Returning a speculative frame for 103079215111 [24,7]
[0714/172859.324:WARNING:browser_info.cc(298)] Returning a speculative frame for 103079215111 [24,7]
[0714/172859.383:WARNING:browser_info.cc(298)] Returning a speculative frame for 103079215111 [24,7]
[0714/172859.439:WARNING:browser_info.cc(298)] Returning a speculative frame for 98784247814 [23,6]
[0714/172859.439:WARNING:browser_info.cc(298)] Returning a speculative frame for 98784247814 [23,6]
[0714/172859.439:WARNING:browser_info.cc(298)] Returning a speculative frame for 98784247814 [23,6]
[0714/172859.439:WARNING:browser_info.cc(298)] Returning a speculative frame for 98784247814 [23,6]
[0714/184701.976:WARNING:browser_info.cc(298)] Returning a speculative frame for 107374182406 [25,6]
[0714/184701.981:WARNING:browser_info.cc(298)] Returning a speculative frame for 115964116999 [27,7]
[0714/184701.981:WARNING:browser_info.cc(298)] Returning a speculative frame for 115964116999 [27,7]
[0714/184701.981:WARNING:browser_info.cc(298)] Returning a speculative frame for 115964116999 [27,7]
[0714/184701.981:WARNING:browser_info.cc(298)] Returning a speculative frame for 115964116999 [27,7]
[0714/184702.033:WARNING:browser_info.cc(298)] Returning a speculative frame for 115964116999 [27,7]
[0714/184702.315:WARNING:browser_info.cc(298)] Returning a speculative frame for 107374182406 [25,6]
[0714/184702.315:WARNING:browser_info.cc(298)] Returning a speculative frame for 107374182406 [25,6]
[0714/184702.316:WARNING:browser_info.cc(298)] Returning a speculative frame for 107374182406 [25,6]
[0714/184702.316:WARNING:browser_info.cc(298)] Returning a speculative frame for 107374182406 [25,6]
[0714/210522.454:INFO:API.cpp(326)] zfb_shutdown called on thread 30852
